    1        0.00000000        0.00520833
    2        0.01041667        0.01562500
    3        0.02083333        0.02604167
    4        0.03125000        0.03645833
    5        0.04166667        0.04687500
    6        0.05208333        0.05729167
    7        0.06250000        0.06770833
    8        0.07291667        0.07812500
    9        0.08333333        0.08854167
   10        0.09375000        0.09895833
   11        0.10416667        0.10937500
   12        0.11458333        0.11979167
   13        0.12500000        0.13020833
   14        0.13541667        0.14062500
   15        0.14583333        0.15104167
   16        0.15625000        0.16145833
   17        0.16666667        0.17187500
   18        0.17708333        0.18229167
   19        0.18750000        0.19270833
   20        0.19791667        0.20312500
   21        0.20833333        0.21354167
   22        0.21875000        0.22395833
   23        0.22916667        0.23437500
   24        0.23958333        0.24479167
   25        0.25000000        0.25520833
   26        0.26041667        0.26562500
   27        0.27083333        0.27604167
   28        0.28125000        0.28645833
   29        0.29166667        0.29687500
   30        0.30208333        0.30729167
   31        0.31250000        0.31770833
   32        0.32291667        0.32812500
   33        0.33333333        0.33854167
   34        0.34375000        0.34895833
   35        0.35416667        0.35937500
   36        0.36458333        0.36979167
   37        0.37500000        0.38020833
   38        0.38541667        0.39062500
   39        0.39583333        0.40104167
   40        0.40625000        0.41145833
   41        0.41666667        0.42187500
   42        0.42708333        0.43229167
   43        0.43750000        0.44270833
   44        0.44791667        0.45312500
   45        0.45833333        0.46354167
   46        0.46875000        0.47395833
   47        0.47916667        0.48437500
   48        0.48958333        0.49479167
   49        0.50000000        0.50520833
   50        0.51041667        0.51562500
   51        0.52083333        0.52604167
   52        0.53125000        0.53645833
   53        0.54166667        0.54687500
   54        0.55208333        0.55729167
   55        0.56250000        0.56770833
   56        0.57291667        0.57812500
   57        0.58333333        0.58854167
   58        0.59375000        0.59895833
   59        0.60416667        0.60937500
   60        0.61458333        0.61979167
   61        0.62500000        0.63020833
   62        0.63541667        0.64062500
   63        0.64583333        0.65104167
   64        0.65625000        0.66145833
   65        0.66666667        0.67187500
   66        0.67708333        0.68229167
   67        0.68750000        0.69270833
   68        0.69791667        0.70312500
   69        0.70833333        0.71354167
   70        0.71875000        0.72395833
   71        0.72916667        0.73437500
   72        0.73958333        0.74479167
   73        0.75000000        0.75520833
   74        0.76041667        0.76562500
   75        0.77083333        0.77604167
   76        0.78125000        0.78645833
   77        0.79166667        0.79687500
   78        0.80208333        0.80729167
   79        0.81250000        0.81770833
   80        0.82291667        0.82812500
   81        0.83333333        0.83854167
   82        0.84375000        0.84895833
   83        0.85416667        0.85937500
   84        0.86458333        0.86979167
   85        0.87500000        0.88020833
   86        0.88541667        0.89062500
   87        0.89583333        0.90104167
   88        0.90625000        0.91145833
   89        0.91666667        0.92187500
   90        0.92708333        0.93229167
   91        0.93750000        0.94270833
   92        0.94791667        0.95312500
   93        0.95833333        0.96354167
   94        0.96875000        0.97395833
   95        0.97916667        0.98437500
   96        0.98958333        0.99479167
   97        1.00000000        0.00000000
