    1    0.00000000E+00    5.20833333E-03    1.00000000E+00    1.00000000E+00
    2    1.04166667E-02    1.56250000E-02    1.00000000E+00    1.00000000E+00
    3    2.08333333E-02    2.60416667E-02    1.00000000E+00    1.00000000E+00
    4    3.12500000E-02    3.64583333E-02    1.00000000E+00    1.00000000E+00
    5    4.16666667E-02    4.68750000E-02    1.00000000E+00    1.00000000E+00
    6    5.20833333E-02    5.72916667E-02    1.00000000E+00    1.00000000E+00
    7    6.25000000E-02    6.77083333E-02    1.00000000E+00    1.00000000E+00
    8    7.29166667E-02    7.81250000E-02    1.00000000E+00    1.00000000E+00
    9    8.33333333E-02    8.85416667E-02    1.00000000E+00    1.00000000E+00
   10    9.37500000E-02    9.89583333E-02    1.00000000E+00    1.00000000E+00
   11    1.04166667E-01    1.09375000E-01    1.00000000E+00    1.00000000E+00
   12    1.14583333E-01    1.19791667E-01    1.00000000E+00    1.00000000E+00
   13    1.25000000E-01    1.30208333E-01    1.00000000E+00    1.00000000E+00
   14    1.35416667E-01    1.40625000E-01    1.00000000E+00    1.00000000E+00
   15    1.45833333E-01    1.51041667E-01    1.00000000E+00    1.00000000E+00
   16    1.56250000E-01    1.61458333E-01    1.00000000E+00    1.00000000E+00
   17    1.66666667E-01    1.71875000E-01    1.00000000E+00    1.00000000E+00
   18    1.77083333E-01    1.82291667E-01    1.00000000E+00    1.00000000E+00
   19    1.87500000E-01    1.92708333E-01    1.00000000E+00    1.00000000E+00
   20    1.97916667E-01    2.03125000E-01    1.00000000E+00    1.00000000E+00
   21    2.08333333E-01    2.13541667E-01    1.00000000E+00    1.00000000E+00
   22    2.18750000E-01    2.23958333E-01    1.00000000E+00    1.00000000E+00
   23    2.29166667E-01    2.34375000E-01    1.00000000E+00    1.00000000E+00
   24    2.39583333E-01    2.44791667E-01    1.00000000E+00    1.00000000E+00
   25    2.50000000E-01    2.55208333E-01    1.00000000E+00    1.00000000E+00
   26    2.60416667E-01    2.65625000E-01    1.00000000E+00    1.00000000E+00
   27    2.70833333E-01    2.76041667E-01    1.00000000E+00    1.00000000E+00
   28    2.81250000E-01    2.86458333E-01    1.00000000E+00    1.00000000E+00
   29    2.91666667E-01    2.96875000E-01    1.00000000E+00    1.00000000E+00
   30    3.02083333E-01    3.07291667E-01    1.00000000E+00    1.00000000E+00
   31    3.12500000E-01    3.17708333E-01    1.00000000E+00    1.00000000E+00
   32    3.22916667E-01    3.28125000E-01    1.00000000E+00    1.00000000E+00
   33    3.33333333E-01    3.38541667E-01    1.00000000E+00    1.00000000E+00
   34    3.43750000E-01    3.48958333E-01    1.00000000E+00    1.00000000E+00
   35    3.54166667E-01    3.59375000E-01    1.00000000E+00    1.00000000E+00
   36    3.64583333E-01    3.69791667E-01    1.00000000E+00    1.00000000E+00
   37    3.75000000E-01    3.80208333E-01    1.00000000E+00    1.00000000E+00
   38    3.85416667E-01    3.90625000E-01    1.00000000E+00    1.00000000E+00
   39    3.95833333E-01    4.01041667E-01    1.00000000E+00    1.00000000E+00
   40    4.06250000E-01    4.11458333E-01    1.00000000E+00    1.00000000E+00
   41    4.16666667E-01    4.21875000E-01    1.00000000E+00    1.00000000E+00
   42    4.27083333E-01    4.32291667E-01    1.00000000E+00    1.00000000E+00
   43    4.37500000E-01    4.42708333E-01    1.00000000E+00    1.00000000E+00
   44    4.47916667E-01    4.53125000E-01    1.00000000E+00    1.00000000E+00
   45    4.58333333E-01    4.63541667E-01    1.00000000E+00    1.00000000E+00
   46    4.68750000E-01    4.73958333E-01    1.00000000E+00    1.00000000E+00
   47    4.79166667E-01    4.84375000E-01    1.00000000E+00    1.00000000E+00
   48    4.89583333E-01    4.94791667E-01    1.00000000E+00    1.00000000E+00
   49    5.00000000E-01    5.05208333E-01    1.00000000E+00    1.00000000E+00
   50    5.10416667E-01    5.15625000E-01    1.00000000E+00    1.00000000E+00
   51    5.20833333E-01    5.26041667E-01    1.00000000E+00    1.00000000E+00
   52    5.31250000E-01    5.36458333E-01    1.00000000E+00    1.00000000E+00
   53    5.41666667E-01    5.46875000E-01    1.00000000E+00    1.00000000E+00
   54    5.52083333E-01    5.57291667E-01    1.00000000E+00    1.00000000E+00
   55    5.62500000E-01    5.67708333E-01    1.00000000E+00    1.00000000E+00
   56    5.72916667E-01    5.78125000E-01    1.00000000E+00    1.00000000E+00
   57    5.83333333E-01    5.88541667E-01    1.00000000E+00    1.00000000E+00
   58    5.93750000E-01    5.98958333E-01    1.00000000E+00    1.00000000E+00
   59    6.04166667E-01    6.09375000E-01    1.00000000E+00    1.00000000E+00
   60    6.14583333E-01    6.19791667E-01    1.00000000E+00    1.00000000E+00
   61    6.25000000E-01    6.30208333E-01    1.00000000E+00    1.00000000E+00
   62    6.35416667E-01    6.40625000E-01    1.00000000E+00    1.00000000E+00
   63    6.45833333E-01    6.51041667E-01    1.00000000E+00    1.00000000E+00
   64    6.56250000E-01    6.61458333E-01    1.00000000E+00    1.00000000E+00
   65    6.66666667E-01    6.71875000E-01    1.00000000E+00    1.00000000E+00
   66    6.77083333E-01    6.82291667E-01    1.00000000E+00    1.00000000E+00
   67    6.87500000E-01    6.92708333E-01    1.00000000E+00    1.00000000E+00
   68    6.97916667E-01    7.03125000E-01    1.00000000E+00    1.00000000E+00
   69    7.08333333E-01    7.13541667E-01    1.00000000E+00    1.00000000E+00
   70    7.18750000E-01    7.23958333E-01    1.00000000E+00    1.00000000E+00
   71    7.29166667E-01    7.34375000E-01    1.00000000E+00    1.00000000E+00
   72    7.39583333E-01    7.44791667E-01    1.00000000E+00    1.00000000E+00
   73    7.50000000E-01    7.55208333E-01    1.00000000E+00    1.00000000E+00
   74    7.60416667E-01    7.65625000E-01    1.00000000E+00    1.00000000E+00
   75    7.70833333E-01    7.76041667E-01    1.00000000E+00    1.00000000E+00
   76    7.81250000E-01    7.86458333E-01    1.00000000E+00    1.00000000E+00
   77    7.91666667E-01    7.96875000E-01    1.00000000E+00    1.00000000E+00
   78    8.02083333E-01    8.07291667E-01    1.00000000E+00    1.00000000E+00
   79    8.12500000E-01    8.17708333E-01    1.00000000E+00    1.00000000E+00
   80    8.22916667E-01    8.28125000E-01    1.00000000E+00    1.00000000E+00
   81    8.33333333E-01    8.38541667E-01    1.00000000E+00    1.00000000E+00
   82    8.43750000E-01    8.48958333E-01    1.00000000E+00    1.00000000E+00
   83    8.54166667E-01    8.59375000E-01    1.00000000E+00    1.00000000E+00
   84    8.64583333E-01    8.69791667E-01    1.00000000E+00    1.00000000E+00
   85    8.75000000E-01    8.80208333E-01    1.00000000E+00    1.00000000E+00
   86    8.85416667E-01    8.90625000E-01    1.00000000E+00    1.00000000E+00
   87    8.95833333E-01    9.01041667E-01    1.00000000E+00    1.00000000E+00
   88    9.06250000E-01    9.11458333E-01    1.00000000E+00    1.00000000E+00
   89    9.16666667E-01    9.21875000E-01    1.00000000E+00    1.00000000E+00
   90    9.27083333E-01    9.32291667E-01    1.00000000E+00    1.00000000E+00
   91    9.37500000E-01    9.42708333E-01    1.00000000E+00    1.00000000E+00
   92    9.47916667E-01    9.53125000E-01    1.00000000E+00    1.00000000E+00
   93    9.58333333E-01    9.63541667E-01    1.00000000E+00    1.00000000E+00
   94    9.68750000E-01    9.73958333E-01    1.00000000E+00    1.00000000E+00
   95    9.79166667E-01    9.84375000E-01    1.00000000E+00    1.00000000E+00
   96    9.89583333E-01    9.94791667E-01    1.00000000E+00    1.00000000E+00
   97    1.00000000E+00    1.00000000E+00    1.00000000E+00    0.00000000E+00
